Symlinking /home/prajwal20/ims/droneCourse/bebop_sim_ws/devel/share/roseus/ros/get_pointcloud/manifest.l
Symlinking /home/prajwal20/ims/droneCourse/bebop_sim_ws/devel/share/roseus/ros/get_pointcloud/msg/Obsposelist.l
Symlinking /home/prajwal20/ims/droneCourse/bebop_sim_ws/devel/share/gennodejs/ros/get_pointcloud/_index.js
Symlinking /home/prajwal20/ims/droneCourse/bebop_sim_ws/devel/share/gennodejs/ros/get_pointcloud/msg/_index.js
Symlinking /home/prajwal20/ims/droneCourse/bebop_sim_ws/devel/share/gennodejs/ros/get_pointcloud/msg/Obsposelist.js
Symlinking /home/prajwal20/ims/droneCourse/bebop_sim_ws/devel/share/common-lisp/ros/get_pointcloud/msg/_package_Obsposelist.lisp
Symlinking /home/prajwal20/ims/droneCourse/bebop_sim_ws/devel/share/common-lisp/ros/get_pointcloud/msg/_package.lisp
Symlinking /home/prajwal20/ims/droneCourse/bebop_sim_ws/devel/share/common-lisp/ros/get_pointcloud/msg/get_pointcloud-msg.asd
Symlinking /home/prajwal20/ims/droneCourse/bebop_sim_ws/devel/share/common-lisp/ros/get_pointcloud/msg/Obsposelist.lisp
Symlinking /home/prajwal20/ims/droneCourse/bebop_sim_ws/devel/share/get_pointcloud/cmake/get_pointcloud-msg-paths.cmake
Symlinking /home/prajwal20/ims/droneCourse/bebop_sim_ws/devel/share/get_pointcloud/cmake/get_pointcloudConfig-version.cmake
Symlinking /home/prajwal20/ims/droneCourse/bebop_sim_ws/devel/share/get_pointcloud/cmake/get_pointcloudConfig.cmake
Symlinking /home/prajwal20/ims/droneCourse/bebop_sim_ws/devel/share/get_pointcloud/cmake/get_pointcloud-msg-extras.cmake
Symlinking /home/prajwal20/ims/droneCourse/bebop_sim_ws/devel/include/get_pointcloud/Obsposelist.h
Symlinking /home/prajwal20/ims/droneCourse/bebop_sim_ws/devel/lib/get_pointcloud/cmake.lock
Symlinking /home/prajwal20/ims/droneCourse/bebop_sim_ws/devel/lib/get_pointcloud/compute_velocity.py
Symlinking /home/prajwal20/ims/droneCourse/bebop_sim_ws/devel/lib/get_pointcloud/potential_field.py
Symlinking /home/prajwal20/ims/droneCourse/bebop_sim_ws/devel/lib/get_pointcloud/example.py
Symlinking /home/prajwal20/ims/droneCourse/bebop_sim_ws/devel/lib/get_pointcloud/get_pose_from_gazebo.py
Symlinking /home/prajwal20/ims/droneCourse/bebop_sim_ws/devel/lib/get_pointcloud/world_bebop_broadcast.py
Symlinking /home/prajwal20/ims/droneCourse/bebop_sim_ws/devel/lib/get_pointcloud/point_clound_circular_.py
Symlinking /home/prajwal20/ims/droneCourse/bebop_sim_ws/devel/lib/pkgconfig/get_pointcloud.pc
Symlinking /home/prajwal20/ims/droneCourse/bebop_sim_ws/devel/lib/python3/dist-packages/get_pointcloud/__init__.py
Symlinking /home/prajwal20/ims/droneCourse/bebop_sim_ws/devel/lib/python3/dist-packages/get_pointcloud/msg/_Obsposelist.py
Symlinking /home/prajwal20/ims/droneCourse/bebop_sim_ws/devel/lib/python3/dist-packages/get_pointcloud/msg/__init__.py
