[35m[1mScanning dependencies of target _get_pointcloud_generate_messages_check_deps_Obsposelist[0m
[35m[1mScanning dependencies of target std_msgs_generate_messages_lisp[0m
[  0%] Built target std_msgs_generate_messages_lisp
[35m[1mScanning dependencies of target sensor_msgs_generate_messages_lisp[0m
[35m[1mScanning dependencies of target geometry_msgs_generate_messages_lisp[0m
[35m[1mScanning dependencies of target std_msgs_generate_messages_py[0m
[35m[1mScanning dependencies of target sensor_msgs_generate_messages_py[0m
[  0%] Built target sensor_msgs_generate_messages_lisp
[  0%] Built target _get_pointcloud_generate_messages_check_deps_Obsposelist
[  0%] Built target geometry_msgs_generate_messages_lisp
[  0%] Built target sensor_msgs_generate_messages_py
[  0%] Built target std_msgs_generate_messages_py
[35m[1mScanning dependencies of target geometry_msgs_generate_messages_py[0m
[35m[1mScanning dependencies of target geometry_msgs_generate_messages_cpp[0m
[35m[1mScanning dependencies of target sensor_msgs_generate_messages_cpp[0m
[  0%] Built target geometry_msgs_generate_messages_py
[35m[1mScanning dependencies of target std_msgs_generate_messages_cpp[0m
[35m[1mScanning dependencies of target sensor_msgs_generate_messages_eus[0m
[  0%] Built target geometry_msgs_generate_messages_cpp
[  0%] Built target sensor_msgs_generate_messages_cpp
[  0%] Built target std_msgs_generate_messages_cpp
[  0%] Built target sensor_msgs_generate_messages_eus
[35m[1mScanning dependencies of target std_msgs_generate_messages_eus[0m
[35m[1mScanning dependencies of target geometry_msgs_generate_messages_eus[0m
[35m[1mScanning dependencies of target geometry_msgs_generate_messages_nodejs[0m
[  0%] Built target std_msgs_generate_messages_eus
[35m[1mScanning dependencies of target sensor_msgs_generate_messages_nodejs[0m
[  0%] Built target geometry_msgs_generate_messages_eus
[35m[1mScanning dependencies of target std_msgs_generate_messages_nodejs[0m
[  0%] Built target geometry_msgs_generate_messages_nodejs
[  0%] Built target sensor_msgs_generate_messages_nodejs
[35m[1mScanning dependencies of target get_pointcloud_generate_messages_lisp[0m
[35m[1mScanning dependencies of target get_pointcloud_generate_messages_py[0m
[  0%] Built target std_msgs_generate_messages_nodejs
[35m[1mScanning dependencies of target get_pointcloud_generate_messages_cpp[0m
[35m[1mScanning dependencies of target get_pointcloud_generate_messages_eus[0m
[ 28%] [34m[1mGenerating Python from MSG get_pointcloud/Obsposelist[0m
[ 28%] [34m[1mGenerating Lisp code from get_pointcloud/Obsposelist.msg[0m
[ 57%] [34m[1mGenerating C++ code from get_pointcloud/Obsposelist.msg[0m
[ 57%] [34m[1mGenerating EusLisp code from get_pointcloud/Obsposelist.msg[0m
[ 57%] Built target get_pointcloud_generate_messages_lisp
[ 57%] Built target get_pointcloud_generate_messages_cpp
[ 71%] [34m[1mGenerating EusLisp manifest code for get_pointcloud[0m
[35m[1mScanning dependencies of target get_pointcloud_generate_messages_nodejs[0m
[ 85%] [34m[1mGenerating Javascript code from get_pointcloud/Obsposelist.msg[0m
[ 85%] Built target get_pointcloud_generate_messages_nodejs
[100%] [34m[1mGenerating Python msg __init__.py for get_pointcloud[0m
[100%] Built target get_pointcloud_generate_messages_py
[100%] Built target get_pointcloud_generate_messages_eus
[35m[1mScanning dependencies of target get_pointcloud_generate_messages[0m
[100%] Built target get_pointcloud_generate_messages
