[  0%] Built target sensor_msgs_generate_messages_lisp
[  0%] Built target std_msgs_generate_messages_lisp
[  0%] Built target geometry_msgs_generate_messages_lisp
[  0%] Built target std_msgs_generate_messages_py
[  0%] Built target sensor_msgs_generate_messages_py
[  0%] Built target geometry_msgs_generate_messages_cpp
[  0%] Built target geometry_msgs_generate_messages_py
[  0%] Built target sensor_msgs_generate_messages_cpp
[  0%] Built target std_msgs_generate_messages_cpp
[  0%] Built target sensor_msgs_generate_messages_eus
[  0%] Built target geometry_msgs_generate_messages_eus
[  0%] Built target std_msgs_generate_messages_eus
[  0%] Built target _get_pointcloud_generate_messages_check_deps_Obsposelist
[  0%] Built target sensor_msgs_generate_messages_nodejs
[  0%] Built target std_msgs_generate_messages_nodejs
[  0%] Built target geometry_msgs_generate_messages_nodejs
[ 57%] Built target get_pointcloud_generate_messages_lisp
[ 57%] Built target get_pointcloud_generate_messages_py
[ 57%] Built target get_pointcloud_generate_messages_cpp
[ 85%] Built target get_pointcloud_generate_messages_nodejs
[100%] Built target get_pointcloud_generate_messages_eus
[100%] Built target get_pointcloud_generate_messages
